#
# There is insufficient memory for the Java Runtime Environment to continue.
# Native memory allocation (mmap) failed to map 132120576 bytes for G1 virtual space
# Possible reasons:
#   The system is out of physical RAM or swap space
#   The process is running with CompressedOops enabled, and the Java Heap may be blocking the growth of the native heap
# Possible solutions:
#   Reduce memory load on the system
#   Increase physical memory or swap space
#   Check if swap backing store is full
#   Decrease Java heap size (-Xmx/-Xms)
#   Decrease number of Java threads
#   Decrease Java thread stack sizes (-Xss)
#   Set larger code cache with -XX:ReservedCodeCacheSize=
#   JVM is running with Unscaled Compressed Oops mode in which the Java heap is
#     placed in the first 4GB address space. The Java Heap base address is the
#     maximum limit for the native heap growth. Please use -XX:HeapBaseMinAddress
#     to set the Java Heap base and to place the Java Heap above 4GB virtual address.
# This output file may be truncated or incomplete.
#
#  Out of Memory Error (os_windows.cpp:3825), pid=1156, tid=6620
#
# JRE version:  (17.0.10+7) (build )
# Java VM: OpenJDK 64-Bit Server VM (17.0.10+7-b1000.48, mixed mode, sharing, tiered, compressed oops, compressed class ptrs, g1 gc, windows-amd64)
# No core dump will be written. Minidumps are not enabled by default on client versions of Windows
#

---------------  S U M M A R Y ------------

Command Line: git4idea.http.GitAskPassApp Username for 'https://github.com': 

Host: Intel(R) Pentium(R) Silver N6000 @ 1.10GHz, 4 cores, 7G,  Windows 10 , 64 bit Build 19041 (10.0.19041.5915)
Time: Tue Feb 10 18:52:26 2026 RTZ 2 (s 10 , 64 bit Build 19041 (10.0.19041.5915) elapsed time: 0.017943 seconds (0d 0h 0m 0s)

---------------  T H R E A D  ---------------

Current thread (0x00000227d1650e80):  JavaThread "Unknown thread" [_thread_in_vm, id=6620, stack(0x00000045d9300000,0x00000045d9400000)]

Stack: [0x00000045d9300000,0x00000045d9400000]
Native frames: (J=compiled Java code, j=interpreted, Vv=VM code, C=native code)
V  [jvm.dll+0x688ac9]
V  [jvm.dll+0x84220a]
V  [jvm.dll+0x843e4e]
V  [jvm.dll+0x8444b3]
V  [jvm.dll+0x24ba8f]
V  [jvm.dll+0x685899]
V  [jvm.dll+0x67a14a]
V  [jvm.dll+0x30c7eb]
V  [jvm.dll+0x313c96]
V  [jvm.dll+0x363a2e]
V  [jvm.dll+0x363c5f]
V  [jvm.dll+0x2e25b8]
V  [jvm.dll+0x2e3524]
V  [jvm.dll+0x812d71]
V  [jvm.dll+0x3718e1]
V  [jvm.dll+0x7f18d6]
V  [jvm.dll+0x3f553f]
V  [jvm.dll+0x3f7171]
C  [jli.dll+0x528f]
C  [ucrtbase.dll+0x21bb2]
C  [KERNEL32.DLL+0x17374]
C  [ntdll.dll+0x4cc91]


---------------  P R O C E S S  ---------------

Threads class SMR info:
_java_thread_list=0x00007ff9bea5ef58, length=0, elements={
}

Java Threads: ( => current thread )

Other Threads:
  0x00000227d16a8dd0 GCTaskThread "GC Thread#0" [stack: 0x00000045d9400000,0x00000045d9500000] [id=8296]
  0x00000227d16ba640 ConcurrentGCThread "G1 Main Marker" [stack: 0x00000045d9500000,0x00000045d9600000] [id=9264]
  0x00000227d16baf70 ConcurrentGCThread "G1 Conc#0" [stack: 0x00000045d9600000,0x00000045d9700000] [id=960]

[error occurred during error reporting (printing all threads), id 0xc0000005, EXCEPTION_ACCESS_VIOLATION (0xc0000005) at pc=0x00007ff9be213187]

VM state: not at safepoint (not fully initialized)

VM Mutex/Monitor currently owned by a thread:  ([mutex/lock_event])
[0x00000227d164a7a0] Heap_lock - owner thread: 0x00000227d1650e80

Heap address: 0x0000000083000000, size: 2000 MB, Compressed Oops mode: 32-bit

CDS archive(s) mapped at: [0x0000000000000000-0x0000000000000000-0x0000000000000000), size 0, SharedBaseAddress: 0x0000000800000000, ArchiveRelocationMode: 1.
Narrow klass base: 0x0000000000000000, Narrow klass shift: 0, Narrow klass range: 0x0

GC Precious Log:
<Empty>

Heap:
 garbage-first heap   total 0K, used 0K [0x0000000083000000, 0x0000000100000000)
  region size 1024K, 0 young (0K), 0 survivors (0K)
 Metaspace       used 0K, committed 0K, reserved 0K
  class space    used 0K, committed 0K, reserved 0K

Heap Regions: E=young(eden), S=young(survivor), O=old, HS=humongous(starts), HC=humongous(continues), CS=collection set, F=free, OA=open archive, CA=closed archive, TAMS=top-at-mark-start (previous, next)

Card table byte_map: [0x00000227e41c0000,0x00000227e45b0000] _byte_map_base: 0x00000227e3da8000

Marking Bits (Prev, Next): (CMBitMap*) 0x00000227d16aa310, (CMBitMap*) 0x00000227d16aa350
 Prev Bits: [0x00000227e49a0000, 0x00000227e68e0000)
 Next Bits: [0x00000227e68e0000, 0x00000227e8820000)

GC Heap History (0 events):
No events

Dll operation events (1 events):
Event: 0.011 Loaded shared library C:\Program Files\JetBrains\PyCharm Community Edition 2023.2.1\jbr\bin\java.dll

Deoptimization events (0 events):
No events

Classes unloaded (0 events):
No events

Classes redefined (0 events):
No events

Internal exceptions (0 events):
No events

VM Operations (0 events):
No events

Events (0 events):
No events


Dynamic libraries:
0x00007ff6662b0000 - 0x00007ff6662ba000 	C:\Program Files\JetBrains\PyCharm Community Edition 2023.2.1\jbr\bin\java.exe
0x00007ffa2d6b0000 - 0x00007ffa2d8a8000 	C:\Windows\SYSTEM32\ntdll.dll
0x00007ffa2cf30000 - 0x00007ffa2cff2000 	C:\Windows\System32\KERNEL32.DLL
0x00007ffa2afe0000 - 0x00007ffa2b2d6000 	C:\Windows\System32\KERNELBASE.dll
0x00007ffa2b5a0000 - 0x00007ffa2b6a0000 	C:\Windows\System32\ucrtbase.dll
0x00007ffa24090000 - 0x00007ffa240a7000 	C:\Program Files\JetBrains\PyCharm Community Edition 2023.2.1\jbr\bin\jli.dll
0x00007ffa05e40000 - 0x00007ffa05e5b000 	C:\Program Files\JetBrains\PyCharm Community Edition 2023.2.1\jbr\bin\VCRUNTIME140.dll
0x00007ffa2cd00000 - 0x00007ffa2cea1000 	C:\Windows\System32\USER32.dll
0x00007ffa2b450000 - 0x00007ffa2b472000 	C:\Windows\System32\win32u.dll
0x00007ffa2a0e0000 - 0x00007ffa2a37b000 	C:\Windows\WinSxS\amd64_microsoft.windows.common-controls_6595b64144ccf1df_6.0.19041.6456_none_60b8a6cb71f64256\COMCTL32.dll
0x00007ffa2d250000 - 0x00007ffa2d27b000 	C:\Windows\System32\GDI32.dll
0x00007ffa2cb80000 - 0x00007ffa2cc1e000 	C:\Windows\System32\msvcrt.dll
0x00007ffa2b480000 - 0x00007ffa2b599000 	C:\Windows\System32\gdi32full.dll
0x00007ffa2b2e0000 - 0x00007ffa2b37d000 	C:\Windows\System32\msvcp_win.dll
0x00007ffa2d000000 - 0x00007ffa2d02f000 	C:\Windows\System32\IMM32.DLL
0x00007ffa28e50000 - 0x00007ffa28e5c000 	C:\Program Files\JetBrains\PyCharm Community Edition 2023.2.1\jbr\bin\vcruntime140_1.dll
0x00007ff9f5aa0000 - 0x00007ff9f5b2d000 	C:\Program Files\JetBrains\PyCharm Community Edition 2023.2.1\jbr\bin\msvcp140.dll
0x00007ff9bdf20000 - 0x00007ff9beba3000 	C:\Program Files\JetBrains\PyCharm Community Edition 2023.2.1\jbr\bin\server\jvm.dll
0x00007ffa2be40000 - 0x00007ffa2bef1000 	C:\Windows\System32\ADVAPI32.dll
0x00007ffa2bf00000 - 0x00007ffa2bf9f000 	C:\Windows\System32\sechost.dll
0x00007ffa2d550000 - 0x00007ffa2d670000 	C:\Windows\System32\RPCRT4.dll
0x00007ffa2b6a0000 - 0x00007ffa2b6c7000 	C:\Windows\System32\bcrypt.dll
0x00007ffa2a930000 - 0x00007ffa2a97b000 	C:\Windows\SYSTEM32\POWRPROF.dll
0x00007ffa0acc0000 - 0x00007ffa0acc9000 	C:\Windows\SYSTEM32\WSOCK32.dll
0x00007ffa0b8d0000 - 0x00007ffa0b8f7000 	C:\Windows\SYSTEM32\WINMM.dll
0x00007ffa2c500000 - 0x00007ffa2c56b000 	C:\Windows\System32\WS2_32.dll
0x00007ffa27630000 - 0x00007ffa2763a000 	C:\Windows\SYSTEM32\VERSION.dll
0x00007ffa2a490000 - 0x00007ffa2a4a2000 	C:\Windows\SYSTEM32\UMPDC.dll
0x00007ffa27c60000 - 0x00007ffa27c72000 	C:\Windows\SYSTEM32\kernel.appcore.dll
0x00007ffa2a8e0000 - 0x00007ffa2a8ea000 	C:\Program Files\JetBrains\PyCharm Community Edition 2023.2.1\jbr\bin\jimage.dll
0x00007ffa2a6a0000 - 0x00007ffa2a8a1000 	C:\Windows\SYSTEM32\DBGHELP.DLL
0x00007ffa2a660000 - 0x00007ffa2a694000 	C:\Windows\SYSTEM32\dbgcore.DLL
0x00007ffa2ad40000 - 0x00007ffa2adc2000 	C:\Windows\System32\bcryptPrimitives.dll
0x00007ffa25300000 - 0x00007ffa25325000 	C:\Program Files\JetBrains\PyCharm Community Edition 2023.2.1\jbr\bin\java.dll

dbghelp: loaded successfully - version: 4.0.5 - missing functions: none
symbol engine: initialized successfully - sym options: 0x614 - pdb path: .;C:\Program Files\JetBrains\PyCharm Community Edition 2023.2.1\jbr\bin;C:\Windows\SYSTEM32;C:\Windows\WinSxS\amd64_microsoft.windows.common-controls_6595b64144ccf1df_6.0.19041.6456_none_60b8a6cb71f64256;C:\Program Files\JetBrains\PyCharm Community Edition 2023.2.1\jbr\bin\server

VM Arguments:
java_command: git4idea.http.GitAskPassApp Username for 'https://github.com': 
java_class_path (initial): C:/Program Files/JetBrains/PyCharm Community Edition 2023.2.1/plugins/vcs-git/lib/git4idea-rt.jar;C:/Program Files/JetBrains/PyCharm Community Edition 2023.2.1/lib/externalProcess-rt.jar
Launcher Type: SUN_STANDARD

[Global flags]
     intx CICompilerCount                          = 3                                         {product} {ergonomic}
     uint ConcGCThreads                            = 1                                         {product} {ergonomic}
     uint G1ConcRefinementThreads                  = 4                                         {product} {ergonomic}
   size_t G1HeapRegionSize                         = 1048576                                   {product} {ergonomic}
    uintx GCDrainStackTargetSize                   = 64                                        {product} {ergonomic}
   size_t InitialHeapSize                          = 132120576                                 {product} {ergonomic}
   size_t MarkStackSize                            = 4194304                                   {product} {ergonomic}
   size_t MaxHeapSize                              = 2097152000                                {product} {ergonomic}
   size_t MinHeapDeltaBytes                        = 1048576                                   {product} {ergonomic}
   size_t MinHeapSize                              = 8388608                                   {product} {ergonomic}
    uintx NonNMethodCodeHeapSize                   = 5832780                                {pd product} {ergonomic}
    uintx NonProfiledCodeHeapSize                  = 122912730                              {pd product} {ergonomic}
    uintx ProfiledCodeHeapSize                     = 122912730                              {pd product} {ergonomic}
    uintx ReservedCodeCacheSize                    = 251658240                              {pd product} {ergonomic}
     bool SegmentedCodeCache                       = true                                      {product} {ergonomic}
   size_t SoftMaxHeapSize                          = 2097152000                             {manageable} {ergonomic}
     bool UseCompressedClassPointers               = true                           {product lp64_product} {ergonomic}
     bool UseCompressedOops                        = true                           {product lp64_product} {ergonomic}
     bool UseG1GC                                  = true                                      {product} {ergonomic}
     bool UseLargePagesIndividualAllocation        = false                                  {pd product} {ergonomic}

Logging:
Log output configuration:
 #0: stdout all=warning uptime,level,tags
 #1: stderr all=off uptime,level,tags

Environment Variables:
PATH=C:\Program Files\Git\mingw64\libexec\git-core;C:\Program Files\Git\mingw64\libexec\git-core;C:\Program Files\Git\mingw64\bin;C:\Program Files\Git\usr\bin;C:\Users\2BDrive\bin;C:\Python311\MyProjects\pythonProject\Babykea_Bot(alpha)\venv\Scripts;C:\Windows\system32;C:\Windows;C:\Windows\System32\Wbem;C:\Windows\System32\WindowsPowerShell\v1.0;C:\Windows\System32\OpenSSH;C:\ngrok;C:\Program Files\PuTTY;C:\Program Files\Docker\Docker\resources\bin;C:\Program Files\Git\cmd;C:\Python311\Scripts;C:\Python311;C:\Users\2BDrive\AppData\Local\Microsoft\WindowsApps
USERNAME=2BDrive
DISPLAY=:0.0
LC_ALL=en_US.UTF-8
TERM=xterm-256color
TMPDIR=C:\Users\2BDrive\AppData\Local\Temp
OS=Windows_NT
PROCESSOR_IDENTIFIER=Intel64 Family 6 Model 156 Stepping 0, GenuineIntel
TMP=C:\Users\2BDrive\AppData\Local\Temp
TEMP=C:\Users\2BDrive\AppData\Local\Temp



Periodic native trim disabled

JNI global refs:
JNI global refs: 0, weak refs: 0

JNI global refs memory usage: 0, weak refs: 0

OOME stack traces (most recent first):
Classloader memory used:


---------------  S Y S T E M  ---------------

OS:
 Windows 10 , 64 bit Build 19041 (10.0.19041.5915)
OS uptime: 1 days 10:41 hours
Hyper-V role detected

CPU: total 4 (initial active 4) (4 cores per cpu, 1 threads per core) family 6 model 156 stepping 0 microcode 0x2400001f, cx8, cmov, fxsr, mmx, 3dnowpref, sse, sse2, sse3, ssse3, sse4.1, sse4.2, popcnt, tsc, tscinvbit, aes, erms, clmul, sha, clflush, clflushopt, clwb, hv
Processor Information for all 4 processors :
  Max Mhz: 1114, Current Mhz: 1114, Mhz Limit: 1114

Memory: 4k page, system-wide physical 7997M (565M free)
TotalPageFile size 32573M (AvailPageFile size 51M)
current process WorkingSet (physical memory assigned to process): 10M, peak: 10M
current process commit charge ("private bytes"): 51M, peak: 177M

vm_info: OpenJDK 64-Bit Server VM (17.0.10+7-b1000.48) for windows-amd64 JRE (17.0.10+7-b1000.48), built on 2024-01-24 by "builduser" with MS VC++ 16.10 / 16.11 (VS2019)

END.
